cdn-telegram.org
comments.app
contest.com
fragment.com
graph.org
nicegram.app
quiz.directory
stel.com
t.co
t.me
t-me.org
tdesktop.com
teleg.xyz
telega.one
telegra.ph
telegram-cdn.org
telegram.ai
telegram.asia
telegram.biz
telegram.cloud
telegram.cn
telegram.co
telegram.com
telegram.de
telegram.dev
telegram.dog
telegram.eu
telegram.fr
telegram.host
telegram.in
telegram.info
telegram.io
telegram.jp
telegram.me
telegram.net
telegram.org
telegram.org.ru
telegram.qa
telegram.ru
telegram.services
telegram.solutions
telegram.space
telegram.team
telegram.tech
telegram.uk
telegram.us
telegram.website
telegram.xyz
telegramapp.org
telegramdownload.com
telesco.pe
tg.dev
tg.org
tg.zip
tgram.org
torg.org
tx.me
usercontent.dev
